[2026-02-10T15:17:17.934Z] Error: Cannot read properties of null (reading 'usersgrpcGetUserByIDResponse')
Stack:
TypeError: Cannot read properties of null (reading 'usersgrpcGetUserByIDResponse')
    at Pointer.resolve (/home/ichami/Documents/projects/hey-api/node_modules/@hey-api/json-schema-ref-parser/dist/lib/pointer.js:98:27)
    at $Ref.resolve (/home/ichami/Documents/projects/hey-api/node_modules/@hey-api/json-schema-ref-parser/dist/lib/ref.js:79:24)
    at $Refs._resolve (/home/ichami/Documents/projects/hey-api/node_modules/@hey-api/json-schema-ref-parser/dist/lib/refs.js:168:21)
    at inventory$Ref (/home/ichami/Documents/projects/hey-api/node_modules/@hey-api/json-schema-ref-parser/dist/lib/bundle.js:136:25)
    at crawl (/home/ichami/Documents/projects/hey-api/node_modules/@hey-api/json-schema-ref-parser/dist/lib/bundle.js:266:21)
    at crawl (/home/ichami/Documents/projects/hey-api/node_modules/@hey-api/json-schema-ref-parser/dist/lib/bundle.js:281:21)
    at crawl (/home/ichami/Documents/projects/hey-api/node_modules/@hey-api/json-schema-ref-parser/dist/lib/bundle.js:281:21)
    at crawl (/home/ichami/Documents/projects/hey-api/node_modules/@hey-api/json-schema-ref-parser/dist/lib/bundle.js:281:21)
    at crawl (/home/ichami/Documents/projects/hey-api/node_modules/@hey-api/json-schema-ref-parser/dist/lib/bundle.js:281:21)
    at crawl (/home/ichami/Documents/projects/hey-api/node_modules/@hey-api/json-schema-ref-parser/dist/lib/bundle.js:281:21)
    at bundle (/home/ichami/Documents/projects/hey-api/node_modules/@hey-api/json-schema-ref-parser/dist/lib/bundle.js:557:5)
    at $RefParser.bundleMany (/home/ichami/Documents/projects/hey-api/node_modules/@hey-api/json-schema-ref-parser/dist/lib/index.js:162:32)
    at async createClient$1 (file:///home/ichami/Documents/projects/hey-api/node_modules/@hey-api/openapi-ts/dist/src-BbXkGzWZ.mjs:75:38)
    at async file:///home/ichami/Documents/projects/hey-api/node_modules/@hey-api/openapi-ts/dist/src-BbXkGzWZ.mjs:182:12
    at async Promise.all (index 0)
    at async createClient (file:///home/ichami/Documents/projects/hey-api/node_modules/@hey-api/openapi-ts/dist/src-BbXkGzWZ.mjs:180:21)
    at async Command.<anonymous> (file:///home/ichami/Documents/projects/hey-api/node_modules/@hey-api/openapi-ts/dist/run.mjs:38:8)
    at async Command.parseAsync (/home/ichami/Documents/projects/hey-api/node_modules/commander/lib/command.js:1122:5)
    at async runCli (file:///home/ichami/Documents/projects/hey-api/node_modules/@hey-api/openapi-ts/dist/run.mjs:42:3)
